2021-03-31 15:39:19,229 ERROR c.k.a.p.FileParser [main] File is not useful
2021-03-31 15:40:52,470 ERROR c.k.a.p.FileParser [main] File is not useful
2021-03-31 15:41:29,315 ERROR c.k.a.p.FileParser [main] File is not useful
2021-03-31 15:51:34,772 ERROR c.k.a.p.FileParser [main] File is not useful
2021-03-31 22:10:00,808 INFO c.k.a.s.i.ChangeArrayImpl [main] All positive elements have been changed
2021-03-31 22:14:44,952 INFO c.k.a.s.i.ChangeArrayImpl [main] All positive elements have been changed
2021-03-31 22:20:16,658 INFO c.k.a.s.i.ChangeArrayImpl [main] All positive elements have been changed
2021-03-31 22:20:25,203 INFO c.k.a.s.i.ChangeArrayImpl [main] All positive elements have been changed
2021-03-31 22:21:51,588 INFO c.k.a.s.i.ArraySortImpl [main] Sorted with bubble sort
2021-03-31 22:21:51,596 INFO c.k.a.s.i.ChangeArrayImpl [main] All even elements have been changed
2021-03-31 22:21:51,598 INFO c.k.a.s.i.ChangeArrayImpl [main] All positive elements have been changed
2021-03-31 22:21:51,598 INFO c.k.a.s.i.ChangeArrayImpl [main] Position of the frits element have been changed
2021-03-31 22:21:51,601 INFO c.k.a.s.i.ArrayStatsImpl [main] The amount of negative elements is 1
2021-03-31 22:21:51,601 INFO c.k.a.s.i.ArrayStatsImpl [main] Middle value is 3.75
2021-03-31 22:21:51,602 INFO c.k.a.s.i.ArraySortImpl [main] Sorted with quick sort
2021-03-31 22:21:51,602 INFO c.k.a.s.i.ArraySortImpl [main] Sorted with quick sort
2021-03-31 22:21:51,602 INFO c.k.a.s.i.ArraySortImpl [main] Sorted with quick sort
2021-03-31 22:21:51,604 INFO c.k.a.s.i.ArraySortImpl [main] Sorted with select sort
2021-03-31 22:22:11,310 INFO c.k.a.s.i.ArraySortImpl [main] Sorted with quick sort
2021-03-31 22:22:11,312 INFO c.k.a.s.i.ArraySortImpl [main] Sorted with quick sort
2021-03-31 22:22:11,313 INFO c.k.a.s.i.ArraySortImpl [main] Sorted with quick sort
2021-03-31 22:23:19,494 INFO c.k.a.s.i.ArraySortImpl [main] Sorted with select sort
2021-03-31 22:23:23,086 INFO c.k.a.s.i.ArraySortImpl [main] Sorted with bubble sort
2021-03-31 22:23:28,210 INFO c.k.a.s.i.ArraySortImpl [main] Sorted with quick sort
2021-03-31 22:23:28,213 INFO c.k.a.s.i.ArraySortImpl [main] Sorted with quick sort
2021-03-31 22:23:28,213 INFO c.k.a.s.i.ArraySortImpl [main] Sorted with quick sort
2021-03-31 22:24:26,274 INFO c.k.a.s.i.ArraySortImpl [main] Sorted with bubble sort
2021-03-31 22:24:26,279 INFO c.k.a.s.i.ChangeArrayImpl [main] All even elements have been changed
2021-03-31 22:24:26,281 INFO c.k.a.s.i.ChangeArrayImpl [main] All positive elements have been changed
2021-03-31 22:24:26,281 INFO c.k.a.s.i.ChangeArrayImpl [main] Position of the frits element have been changed
2021-03-31 22:24:26,284 INFO c.k.a.s.i.ArrayStatsImpl [main] The amount of negative elements is 1
2021-03-31 22:24:26,285 INFO c.k.a.s.i.ArrayStatsImpl [main] Middle value is 3.75
2021-03-31 22:24:26,286 INFO c.k.a.s.i.ArraySortImpl [main] Sorted with quick sort
2021-03-31 22:24:26,286 INFO c.k.a.s.i.ArraySortImpl [main] Sorted with quick sort
2021-03-31 22:24:26,286 INFO c.k.a.s.i.ArraySortImpl [main] Sorted with quick sort
2021-03-31 22:24:26,290 INFO c.k.a.s.i.ArraySortImpl [main] Sorted with select sort
2021-03-31 22:25:34,430 INFO c.k.a.s.i.ArraySortImpl [main] Sorted with quick sort
2021-03-31 22:25:34,432 INFO c.k.a.s.i.ArraySortImpl [main] Sorted with quick sort
2021-03-31 22:25:34,432 INFO c.k.a.s.i.ArraySortImpl [main] Sorted with quick sort
2021-03-31 22:26:41,399 INFO c.k.a.s.i.ArraySortImpl [main] Sorted with quick sort
2021-03-31 22:26:41,401 INFO c.k.a.s.i.ArraySortImpl [main] Sorted with quick sort
2021-03-31 22:26:41,401 INFO c.k.a.s.i.ArraySortImpl [main] Sorted with quick sort
2021-03-31 22:26:41,401 INFO c.k.a.s.i.ArraySortImpl [main] Sorted with quick sort
2021-03-31 22:27:40,105 INFO c.k.a.s.i.ArraySortImpl [main] Sorted with quick sort
2021-03-31 22:27:40,108 INFO c.k.a.s.i.ArraySortImpl [main] Sorted with quick sort
2021-03-31 22:27:40,108 INFO c.k.a.s.i.ArraySortImpl [main] Sorted with quick sort
2021-03-31 22:27:40,108 INFO c.k.a.s.i.ArraySortImpl [main] Sorted with quick sort
2021-03-31 22:29:06,562 INFO c.k.a.s.i.ArraySortImpl [main] Sorted with quick sort
2021-03-31 22:29:06,564 INFO c.k.a.s.i.ArraySortImpl [main] Sorted with quick sort
2021-03-31 22:29:06,564 INFO c.k.a.s.i.ArraySortImpl [main] Sorted with quick sort
2021-03-31 22:29:06,564 INFO c.k.a.s.i.ArraySortImpl [main] Sorted with quick sort
2021-03-31 22:41:56,810 INFO c.k.a.s.i.ArraySortImpl [main] Sorted with quick sort
2021-03-31 22:41:56,813 INFO c.k.a.s.i.ArraySortImpl [main] Sorted with quick sort
2021-03-31 22:41:56,813 INFO c.k.a.s.i.ArraySortImpl [main] Sorted with quick sort
2021-03-31 22:41:56,813 INFO c.k.a.s.i.ArraySortImpl [main] Sorted with quick sort
2021-03-31 22:42:46,314 INFO c.k.a.s.i.ArraySortImpl [main] Sorted with quick sort
2021-03-31 22:42:46,317 INFO c.k.a.s.i.ArraySortImpl [main] Sorted with quick sort
2021-03-31 22:42:46,318 INFO c.k.a.s.i.ArraySortImpl [main] Sorted with quick sort
2021-03-31 22:42:46,318 INFO c.k.a.s.i.ArraySortImpl [main] Sorted with quick sort
2021-03-31 22:44:21,611 INFO c.k.a.s.i.ArraySortImpl [main] Sorted with quick sort
2021-03-31 22:44:21,613 INFO c.k.a.s.i.ArraySortImpl [main] Sorted with quick sort
2021-03-31 22:44:21,613 INFO c.k.a.s.i.ArraySortImpl [main] Sorted with quick sort
2021-03-31 22:44:21,613 INFO c.k.a.s.i.ArraySortImpl [main] Sorted with quick sort
2021-03-31 22:49:38,332 INFO c.k.a.s.i.ArraySortImpl [main] Sorted with quick sort
2021-03-31 23:03:02,996 INFO c.k.a.p.FileParser [main] Array is created
2021-03-31 23:03:16,949 INFO c.k.a.s.i.ArraySortImpl [main] Sorted with bubble sort
2021-03-31 23:03:16,955 INFO c.k.a.s.i.ChangeArrayImpl [main] All even elements have been changed
2021-03-31 23:03:16,957 INFO c.k.a.s.i.ChangeArrayImpl [main] All positive elements have been changed
2021-03-31 23:03:16,957 INFO c.k.a.s.i.ChangeArrayImpl [main] Position of the frits element have been changed
2021-03-31 23:03:16,967 INFO c.k.a.s.i.ArrayStatsImpl [main] The amount of negative elements is 1
2021-03-31 23:03:16,968 INFO c.k.a.s.i.ArrayStatsImpl [main] Middle value is 3.75
2021-03-31 23:03:16,968 INFO c.k.a.s.i.ArraySortImpl [main] Sorted with quick sort
2021-03-31 23:03:16,970 INFO c.k.a.p.FileParser [main] Array is created
2021-03-31 23:03:16,971 INFO c.k.a.s.i.ArraySortImpl [main] Sorted with select sort
2021-03-31 23:03:33,882 INFO c.k.a.s.i.ArraySortImpl [main] Sorted with bubble sort
2021-03-31 23:03:33,888 INFO c.k.a.s.i.ChangeArrayImpl [main] All even elements have been changed
2021-03-31 23:03:33,889 INFO c.k.a.s.i.ChangeArrayImpl [main] All positive elements have been changed
2021-03-31 23:03:33,890 INFO c.k.a.s.i.ChangeArrayImpl [main] Position of the frits element have been changed
2021-03-31 23:03:33,899 INFO c.k.a.s.i.ArrayStatsImpl [main] The amount of negative elements is 1
2021-03-31 23:03:33,900 INFO c.k.a.s.i.ArrayStatsImpl [main] Middle value is 3.75
2021-03-31 23:03:33,901 INFO c.k.a.s.i.ArraySortImpl [main] Sorted with quick sort
2021-03-31 23:03:33,902 INFO c.k.a.p.FileParser [main] Array is created
2021-03-31 23:03:33,902 INFO c.k.a.s.i.ArraySortImpl [main] Sorted with select sort
